# JRE version: Java(TM) SE Runtime Environment (8.0_51-b16) (build 1.8.0_51-b16)
# Java VM: Java HotSpot(TM) 64-Bit Server VM (25.51-b03 mixed mode windows-amd64 compressed oops)
Heap:
 PSYoungGen      total 18432K, used 7650K [0x00000000eab00000, 0x00000000ebf80000, 0x0000000100000000)
  eden space 15872K, 32% used [0x00000000eab00000,0x00000000eaff9fa8,0x00000000eba80000)
  from space 2560K, 99% used [0x00000000ebd00000,0x00000000ebf7e888,0x00000000ebf80000)
  to   space 2560K, 0% used [0x00000000eba80000,0x00000000eba80000,0x00000000ebd00000)
 ParOldGen       total 30720K, used 3088K [0x00000000c0000000, 0x00000000c1e00000, 0x00000000eab00000)
  object space 30720K, 10% used [0x00000000c0000000,0x00000000c0304210,0x00000000c1e00000)
 Metaspace       used 5729K, capacity 6896K, committed 7040K, reserved 1058816K
  class space    used 581K, capacity 616K, committed 640K, reserved 1048576K
GC Heap History (6 events):
Event: 0.357 GC heap before
{Heap before GC invocations=1 (full 0):
 PSYoungGen      total 18432K, used 6037K [0x00000000eab00000, 0x00000000ebf80000, 0x0000000100000000)
  eden space 15872K, 38% used [0x00000000eab00000,0x00000000eb0e5518,0x00000000eba80000)
  from space 2560K, 0% used [0x00000000ebd00000,0x00000000ebd00000,0x00000000ebf80000)
  to   space 2560K, 0% used [0x00000000eba80000,0x00000000eba80000,0x00000000ebd00000)
 ParOldGen       total 42496K, used 0K [0x00000000c0000000, 0x00000000c2980000, 0x00000000eab00000)
  object space 42496K, 0% used [0x00000000c0000000,0x00000000c0000000,0x00000000c2980000)
 Metaspace       used 3989K, capacity 5296K, committed 5376K, reserved 1060864K
  class space    used 451K, capacity 488K, committed 512K, reserved 1048576K
Event: 0.360 GC heap after
Heap after GC invocations=1 (full 0):
 PSYoungGen      total 18432K, used 1737K [0x00000000eab00000, 0x00000000ebf80000, 0x0000000100000000)
  eden space 15872K, 0% used [0x00000000eab00000,0x00000000eab00000,0x00000000eba80000)
  from space 2560K, 67% used [0x00000000eba80000,0x00000000ebc32660,0x00000000ebd00000)
  to   space 2560K, 0% used [0x00000000ebd00000,0x00000000ebd00000,0x00000000ebf80000)
 ParOldGen       total 42496K, used 8K [0x00000000c0000000, 0x00000000c2980000, 0x00000000eab00000)
  object space 42496K, 0% used [0x00000000c0000000,0x00000000c0002000,0x00000000c2980000)
 Metaspace       used 3989K, capacity 5296K, committed 5376K, reserved 1060864K
  class space    used 451K, capacity 488K, committed 512K, reserved 1048576K
}
Event: 0.361 GC heap before
{Heap before GC invocations=2 (full 1):
 PSYoungGen      total 18432K, used 1737K [0x00000000eab00000, 0x00000000ebf80000, 0x0000000100000000)
  eden space 15872K, 0% used [0x00000000eab00000,0x00000000eab00000,0x00000000eba80000)
  from space 2560K, 67% used [0x00000000eba80000,0x00000000ebc32660,0x00000000ebd00000)
  to   space 2560K, 0% used [0x00000000ebd00000,0x00000000ebd00000,0x00000000ebf80000)
 ParOldGen       total 42496K, used 8K [0x00000000c0000000, 0x00000000c2980000, 0x00000000eab00000)
  object space 42496K, 0% used [0x00000000c0000000,0x00000000c0002000,0x00000000c2980000)
 Metaspace       used 3989K, capacity 5296K, committed 5376K, reserved 1060864K
  class space    used 451K, capacity 488K, committed 512K, reserved 1048576K
Event: 0.371 GC heap after
Heap after GC invocations=2 (full 1):
 PSYoungGen      total 18432K, used 0K [0x00000000eab00000, 0x00000000ebf80000, 0x0000000100000000)
  eden space 15872K, 0% used [0x00000000eab00000,0x00000000eab00000,0x00000000eba80000)
  from space 2560K, 0% used [0x00000000eba80000,0x00000000eba80000,0x00000000ebd00000)
  to   space 2560K, 0% used [0x00000000ebd00000,0x00000000ebd00000,0x00000000ebf80000)
 ParOldGen       total 30720K, used 1623K [0x00000000c0000000, 0x00000000c1e00000, 0x00000000eab00000)
  object space 30720K, 5% used [0x00000000c0000000,0x00000000c0195c08,0x00000000c1e00000)
 Metaspace       used 3989K, capacity 5296K, committed 5376K, reserved 1058816K
  class space    used 451K, capacity 488K, committed 512K, reserved 1048576K
}
Event: 0.855 GC heap before
{Heap before GC invocations=3 (full 1):
 PSYoungGen      total 18432K, used 15872K [0x00000000eab00000, 0x00000000ebf80000, 0x0000000100000000)
  eden space 15872K, 100% used [0x00000000eab00000,0x00000000eba80000,0x00000000eba80000)
  from space 2560K, 0% used [0x00000000eba80000,0x00000000eba80000,0x00000000ebd00000)
  to   space 2560K, 0% used [0x00000000ebd00000,0x00000000ebd00000,0x00000000ebf80000)
 ParOldGen       total 30720K, used 1623K [0x00000000c0000000, 0x00000000c1e00000, 0x00000000eab00000)
  object space 30720K, 5% used [0x00000000c0000000,0x00000000c0195c08,0x00000000c1e00000)
 Metaspace       used 5667K, capacity 6832K, committed 7040K, reserved 1058816K
  class space    used 581K, capacity 616K, committed 640K, reserved 1048576K
Event: 0.863 GC heap after
Heap after GC invocations=3 (full 1):
 PSYoungGen      total 18432K, used 2554K [0x00000000eab00000, 0x00000000ebf80000, 0x0000000100000000)
  eden space 15872K, 0% used [0x00000000eab00000,0x00000000eab00000,0x00000000eba80000)
  from space 2560K, 99% used [0x00000000ebd00000,0x00000000ebf7e888,0x00000000ebf80000)
  to   space 2560K, 0% used [0x00000000eba80000,0x00000000eba80000,0x00000000ebd00000)
 ParOldGen       total 30720K, used 3088K [0x00000000c0000000, 0x00000000c1e00000, 0x00000000eab00000)
  object space 30720K, 10% used [0x00000000c0000000,0x00000000c0304210,0x00000000c1e00000)
 Metaspace       used 5667K, capacity 6832K, committed 7040K, reserved 1058816K
  class space    used 581K, capacity 616K, committed 640K, reserved 1048576K
}

